\BOOKMARK [1][-]{section.1}{\376\377\137\025\212\000}{}% 1
\BOOKMARK [2][-]{subsection.1.1}{\376\377\177\026\121\231\166\356\166\204}{section.1}% 2
\BOOKMARK [2][-]{subsection.1.2}{\376\377\230\171\166\356\200\314\146\157}{section.1}% 3
\BOOKMARK [2][-]{subsection.1.3}{\376\377\124\015\213\315\133\232\116\111}{section.1}% 4
\BOOKMARK [1][-]{section.2}{\376\377\140\073\117\123\143\317\217\360}{}% 5
\BOOKMARK [2][-]{subsection.2.1}{\376\377\116\247\124\301\122\115\146\157}{section.2}% 6
\BOOKMARK [2][-]{subsection.2.2}{\376\377\165\050\142\067\174\173\123\312\121\166\162\171\137\201}{section.2}% 7
\BOOKMARK [2][-]{subsection.2.3}{\376\377\116\247\124\301\122\237\200\375}{section.2}% 8
\BOOKMARK [2][-]{subsection.2.4}{\376\377\217\320\210\114\163\257\130\203}{section.2}% 9
\BOOKMARK [2][-]{subsection.2.5}{\376\377\213\276\213\241\124\214\133\236\163\260\116\012\166\204\176\246\147\137}{section.2}% 10
\BOOKMARK [2][-]{subsection.2.6}{\376\377\165\050\142\067\145\207\150\143}{section.2}% 11
\BOOKMARK [1][-]{section.3}{\376\377\174\373\176\337\122\237\200\375}{}% 12
\BOOKMARK [2][-]{subsection.3.1}{\376\377\165\050\142\067\227\000\154\102}{section.3}% 13
\BOOKMARK [2][-]{subsection.3.2}{\376\377\165\050\117\213\126\376}{section.3}% 14
\BOOKMARK [2][-]{subsection.3.3}{\376\377\122\237\200\375\122\027\210\150}{section.3}% 15
\BOOKMARK [3][-]{subsubsection.3.3.1}{\376\377\154\350\121\214}{subsection.3.3}% 16
\BOOKMARK [3][-]{subsubsection.3.3.2}{\376\377\166\173\137\125}{subsection.3.3}% 17
\BOOKMARK [3][-]{subsubsection.3.3.3}{\376\377\166\173\121\372}{subsection.3.3}% 18
\BOOKMARK [3][-]{subsubsection.3.3.4}{\376\377\127\050\176\277\156\070\163\251\116\016\116\013\217\175}{subsection.3.3}% 19
\BOOKMARK [3][-]{subsubsection.3.3.5}{\376\377\122\006\174\173\155\117\211\310\156\070\142\017}{subsection.3.3}% 20
\BOOKMARK [3][-]{subsubsection.3.3.6}{\376\377\156\070\142\017\213\304\122\006}{subsection.3.3}% 21
\BOOKMARK [3][-]{subsubsection.3.3.7}{\376\377\156\070\142\017\213\304\213\272\123\072}{subsection.3.3}% 22
\BOOKMARK [3][-]{subsubsection.3.3.8}{\376\377\145\066\205\317\156\070\142\017}{subsection.3.3}% 23
\BOOKMARK [3][-]{subsubsection.3.3.9}{\376\377\116\012\117\040\156\070\142\017}{subsection.3.3}% 24
\BOOKMARK [3][-]{subsubsection.3.3.10}{\376\377\173\241\164\006\116\012\117\040\166\204\156\070\142\017}{subsection.3.3}% 25
\BOOKMARK [3][-]{subsubsection.3.3.11}{\376\377\133\241\150\070\156\070\142\017}{subsection.3.3}% 26
\BOOKMARK [3][-]{subsubsection.3.3.12}{\376\377\176\364\142\244\156\070\142\017\122\006\174\173\150\007\173\176}{subsection.3.3}% 27
\BOOKMARK [1][-]{section.4}{\376\377\174\173\126\376\116\016\000\040\000C\000R\000C\000\040\152\041\127\213}{}% 28
\BOOKMARK [2][-]{subsection.4.1}{\376\377\174\173\126\376}{section.4}% 29
\BOOKMARK [2][-]{subsection.4.2}{\376\377\000C\000R\000C\000\040\152\041\127\213}{section.4}% 30
\BOOKMARK [3][-]{subsubsection.4.2.1}{\376\377\000t\000o\000u\000r\000i\000s\000t}{subsection.4.2}% 31
\BOOKMARK [3][-]{subsubsection.4.2.2}{\376\377\000U\000s\000e\000r}{subsection.4.2}% 32
\BOOKMARK [3][-]{subsubsection.4.2.3}{\376\377\000M\000a\000n\000a\000g\000e\000r}{subsection.4.2}% 33
\BOOKMARK [3][-]{subsubsection.4.2.4}{\376\377\000G\000a\000m\000e}{subsection.4.2}% 34
\BOOKMARK [3][-]{subsubsection.4.2.5}{\376\377\000C\000o\000l\000l\000e\000c\000t\000i\000o\000n}{subsection.4.2}% 35
\BOOKMARK [3][-]{subsubsection.4.2.6}{\376\377\000C\000o\000m\000m\000e\000n\000t}{subsection.4.2}% 36
\BOOKMARK [3][-]{subsubsection.4.2.7}{\376\377\000R\000a\000t\000i\000n\000g}{subsection.4.2}% 37
\BOOKMARK [3][-]{subsubsection.4.2.8}{\376\377\000N\000o\000t\000i\000f\000i\000c\000a\000t\000i\000o\000n}{subsection.4.2}% 38
\BOOKMARK [1][-]{section.5}{\376\377\227\136\122\237\200\375\140\047\227\000\154\102}{}% 39
\BOOKMARK [2][-]{subsection.5.1}{\376\377\140\047\200\375\227\000\154\102}{section.5}% 40
\BOOKMARK [2][-]{subsection.5.2}{\376\377\133\211\121\150\140\047\227\000\154\102}{section.5}% 41
\BOOKMARK [2][-]{subsection.5.3}{\376\377\123\357\211\306\123\026\227\000\154\102}{section.5}% 42
\BOOKMARK [2][-]{subsection.5.4}{\376\377\123\357\176\364\142\244\140\047\227\000\154\102}{section.5}% 43
\BOOKMARK [1][-]{section.6}{\376\377\145\160\143\156\155\101\126\376}{}% 44
\BOOKMARK [1][-]{section.7}{\376\377\232\214\145\066\121\306\122\031}{}% 45
\BOOKMARK [2][-]{subsection.7.1}{\376\377\122\237\200\375\211\201\154\102}{section.7}% 46
\BOOKMARK [2][-]{subsection.7.2}{\376\377\133\130\120\250\211\201\154\102}{section.7}% 47
\BOOKMARK [2][-]{subsection.7.3}{\376\377\176\364\142\244\211\201\154\102}{section.7}% 48
\BOOKMARK [1][-]{section.8}{\376\377\000U\000I\000\040\123\237\127\213}{}% 49
\BOOKMARK [2][-]{subsection.8.1}{\376\377\166\173\137\125\000/\154\350\121\214\165\114\227\142}{section.8}% 50
\BOOKMARK [2][-]{subsection.8.2}{\376\377\156\070\142\017\155\117\211\310\165\114\227\142}{section.8}% 51
\BOOKMARK [2][-]{subsection.8.3}{\376\377\173\241\164\006\124\130\133\241\150\070\165\114\227\142}{section.8}% 52
